[2022-08-09 16:13:46] [ INFO ] [Calculadora:29] Tentativa de divisão: 1/0
[2022-08-09 16:13:46] [ DEBUG] [Calculadora:32] Try da divisão
[2022-08-09 16:13:46] [ ERROR] [Calculadora:35] Divisão deu erro: 
java.lang.ArithmeticException: / by zero
	at aula10_logging.exemplo.Calculadora.dividir(Calculadora.java:33)
	at aula10_logging.exemplo.Main.main(Main.java:10)
[2022-08-09 16:13:46] [ INFO ] [Calculadora:29] Tentativa de divisão: 4/2
[2022-08-09 16:13:46] [ DEBUG] [Calculadora:32] Try da divisão
[2022-08-09 18:17:54] [ INFO ] [Calculadora:29] Tentativa de divisão: 1/0
[2022-08-09 18:17:54] [ DEBUG] [Calculadora:32] Try da divisão
[2022-08-09 18:17:54] [ ERROR] [Calculadora:35] Divisão deu erro: 
java.lang.ArithmeticException: / by zero
	at aula10_logging.exemplo.Calculadora.dividir(Calculadora.java:33)
	at aula10_logging.exemplo.Main.main(Main.java:10)
[2022-08-09 18:17:54] [ INFO ] [Calculadora:29] Tentativa de divisão: 4/2
[2022-08-09 18:17:54] [ DEBUG] [Calculadora:32] Try da divisão
[2022-08-09 21:35:53] [ INFO ] [Leao:13] Simba está correndo!
[2022-08-09 21:35:53] [ INFO ] [Leao:22] Não tem mais de 10 anos ou não é alfa
[2022-08-09 21:35:53] [ INFO ] [Tigre:12] Tigrão está correndo!
[2022-08-09 21:35:53] [ INFO ] [Tigre:18] É alfa e tem mais de 10 anos.
[2022-08-09 21:48:53] [ INFO ] [Leao:13] Simba está correndo!
[2022-08-09 21:48:53] [ INFO ] [Tigre:12] Tigrão está correndo!
[2022-08-09 21:48:53] [ INFO ] [Tigre:18] É alfa e tem mais de 10 anos.
[2022-08-09 21:49:53] [ INFO ] [Leao:13] Simba está correndo!
[2022-08-09 21:49:53] [ INFO ] [Tigre:12] Tigrão está correndo!
[2022-08-09 21:49:53] [ INFO ] [Tigre:21] Não tem mais de 10 anos
[2022-08-09 21:51:52] [ INFO ] [Leao:13] Simba está correndo!
[2022-08-09 21:51:52] [ INFO ] [Tigre:13] O tigre Tigrão está correndo!
[2022-08-09 21:51:52] [ INFO ] [Tigre:22] Tigrão não tem mais de 10 anos
[2022-08-09 21:52:19] [ INFO ] [Leao:13] Simba está correndo!
[2022-08-09 21:52:19] [ INFO ] [Tigre:13] O tigre Tigrão está correndo!
[2022-08-09 21:57:16] [ INFO ] [Leao:13] Simba está correndo!
[2022-08-09 21:57:16] [ INFO ] [Tigre:13] O tigre Tigrão está correndo!
[2022-08-09 22:00:13] [ INFO ] [Leao:13] Simba está correndo!
[2022-08-09 22:00:13] [ INFO ] [Tigre:13] O tigre Tigrão está correndo!
[2022-08-09 22:00:13] [ ERROR] [Tigre:26] Idade não pode ser negativa
[2022-08-09 22:01:28] [ INFO ] [Leao:13] Simba está correndo!
[2022-08-09 22:01:28] [ ERROR] [Leao:27] Idade não pode ser negativa
[2022-08-09 22:01:28] [ INFO ] [Tigre:13] O tigre Tigrão está correndo!
[2022-08-09 22:01:28] [ ERROR] [Tigre:26] Idade não pode ser negativa
[2022-08-09 22:02:11] [ INFO ] [Leao:13] O leão Simba está correndo!
[2022-08-09 22:02:11] [ ERROR] [Leao:27] Idade não pode ser negativa
[2022-08-09 22:02:11] [ INFO ] [Tigre:13] O tigre Tigrão está correndo!
[2022-08-09 22:02:11] [ ERROR] [Tigre:26] Idade não pode ser negativa
[2022-08-09 22:07:15] [ INFO ] [Leao:13] O leão Simba está correndo!
[2022-08-09 22:07:15] [ ERROR] [Leao:27] Idade não pode ser negativa
[2022-08-09 22:07:15] [ INFO ] [Leao:13] O leão Zezé está correndo!
[2022-08-09 22:07:15] [ ERROR] [Leao:27] Idade não pode ser negativa
[2022-08-09 22:07:15] [ INFO ] [Tigre:13] O tigre Haroldo está correndo!
[2022-08-09 22:07:15] [ INFO ] [Tigre:13] O tigre Tigrão está correndo!
[2022-08-09 22:08:16] [ INFO ] [Leao:13] O leão Simba está correndo!
[2022-08-09 22:08:16] [ INFO ] [Leao:19] É alfa e tem mais de 10 anos.
[2022-08-09 22:08:16] [ INFO ] [Leao:13] O leão Zezé está correndo!
[2022-08-09 22:08:16] [ ERROR] [Leao:27] Idade não pode ser negativa
[2022-08-09 22:08:16] [ INFO ] [Tigre:13] O tigre Haroldo está correndo!
[2022-08-09 22:08:16] [ INFO ] [Tigre:13] O tigre Tigrão está correndo!
[2022-08-09 22:09:00] [ INFO ] [Leao:13] O leão Simba está correndo!
[2022-08-09 22:09:00] [ INFO ] [Leao:19] É alfa e tem mais de 10 anos.
[2022-08-09 22:09:00] [ INFO ] [Leao:13] O leão Zezé está correndo!
[2022-08-09 22:09:00] [ ERROR] [Leao:27] Idade não pode ser negativa
[2022-08-09 22:09:00] [ INFO ] [Tigre:13] O tigre Haroldo está correndo!
[2022-08-09 22:09:00] [ INFO ] [Tigre:21] Haroldo não tem mais de 10 anos
[2022-08-09 22:09:00] [ INFO ] [Tigre:13] O tigre Tigrão está correndo!
[2022-08-09 22:09:00] [ INFO ] [Tigre:21] Tigrão não tem mais de 10 anos
[2022-08-09 22:09:40] [ INFO ] [Leao:13] O leão Simba está correndo!
[2022-08-09 22:09:40] [ INFO ] [Leao:19] É alfa e tem mais de 10 anos.
[2022-08-09 22:09:40] [ INFO ] [Leao:13] O leão Zezé está correndo!
[2022-08-09 22:09:40] [ ERROR] [Leao:23] Idade não pode ser negativa
[2022-08-09 22:09:40] [ INFO ] [Tigre:13] O tigre Haroldo está correndo!
[2022-08-09 22:09:40] [ INFO ] [Tigre:21] Haroldo não tem mais de 10 anos
[2022-08-09 22:09:40] [ INFO ] [Tigre:13] O tigre Tigrão está correndo!
[2022-08-09 22:09:40] [ INFO ] [Tigre:21] Tigrão não tem mais de 10 anos
[2022-08-09 22:11:08] [ INFO ] [Leao:13] O leão Simba está correndo!
[2022-08-09 22:11:08] [ INFO ] [Leao:19] Simba é alfa e tem mais de 10 anos.
[2022-08-09 22:11:08] [ INFO ] [Leao:13] O leão Zezé está correndo!
[2022-08-09 22:11:08] [ ERROR] [Leao:23] A idade de Zezé não pode ser negativa
[2022-08-09 22:11:08] [ INFO ] [Tigre:13] O tigre Haroldo está correndo!
[2022-08-09 22:11:08] [ INFO ] [Tigre:21] Haroldo não tem mais de 10 anos
[2022-08-09 22:11:08] [ INFO ] [Tigre:13] O tigre Tigrão está correndo!
[2022-08-09 22:11:08] [ INFO ] [Tigre:21] Tigrão não tem mais de 10 anos
[2022-08-09 22:11:42] [ INFO ] [Leao:13] O leão Simba está correndo!
[2022-08-09 22:11:42] [ INFO ] [Leao:19] Simba é alfa e tem mais de 10 anos.
[2022-08-09 22:11:42] [ INFO ] [Leao:13] O leão Zezé está correndo!
[2022-08-09 22:11:42] [ ERROR] [Leao:23] A idade de Zezé não pode ser negativa
[2022-08-09 22:11:42] [ INFO ] [Tigre:13] O tigre Haroldo está correndo!
[2022-08-09 22:11:42] [ INFO ] [Tigre:21] Haroldo não tem mais de 10 anos
[2022-08-09 22:11:42] [ INFO ] [Tigre:13] O tigre Tigrão está correndo!
[2022-08-09 22:11:42] [ INFO ] [Tigre:19] Tigrão tem mais de 10 anos.
[2022-08-09 22:58:16] [ INFO ] [Leao:13] O leão Simba está correndo!
[2022-08-09 22:58:17] [ INFO ] [Leao:19] Simba é alfa e tem mais de 10 anos.
[2022-08-09 22:58:17] [ INFO ] [Leao:13] O leão Zezé está correndo!
[2022-08-09 22:58:17] [ ERROR] [Leao:22] A idade de Zezé não pode ser negativa
java.lang.Exception
	at aula10_logging.ex_felinos.model.Leao.maiorAlfa(Leao.java:22)
	at aula10_logging.ex_felinos.model.FelinosMain.main(FelinosMain.java:11)
[2022-08-09 22:58:17] [ INFO ] [Tigre:13] O tigre Haroldo está correndo!
[2022-08-09 22:58:17] [ INFO ] [Tigre:21] Haroldo não tem mais de 10 anos
[2022-08-09 22:58:17] [ INFO ] [Tigre:13] O tigre Tigrão está correndo!
[2022-08-09 22:58:17] [ INFO ] [Tigre:19] Tigrão tem mais de 10 anos.
[2022-08-09 23:02:21] [ INFO ] [Leao:13] O leão Simba está correndo!
[2022-08-09 23:02:21] [ INFO ] [Leao:19] Simba é alfa e tem mais de 10 anos.
[2022-08-09 23:02:21] [ INFO ] [Leao:13] O leão Zezé está correndo!
[2022-08-09 23:02:21] [ INFO ] [Leao:21] Zezénão tem mais de 10 anos ou não é alfa
[2022-08-09 23:02:21] [ INFO ] [Tigre:13] O tigre Haroldo está correndo!
[2022-08-09 23:02:21] [ ERROR] [Tigre:23] A idade de Haroldo não pode ser negativa
java.lang.Exception
	at aula10_logging.ex_felinos.model.Tigre.eMaiorQue10(Tigre.java:23)
	at aula10_logging.ex_felinos.model.FelinosMain.main(FelinosMain.java:15)
[2022-08-09 23:02:21] [ INFO ] [Tigre:13] O tigre Tigrão está correndo!
[2022-08-09 23:02:21] [ INFO ] [Tigre:19] Tigrão tem mais de 10 anos.
[2022-08-09 23:03:30] [ INFO ] [Leao:13] O leão Simba está correndo!
[2022-08-09 23:03:30] [ INFO ] [Leao:19] Simba é alfa e tem mais de 10 anos.
[2022-08-09 23:03:30] [ INFO ] [Leao:13] O leão Zezé está correndo!
[2022-08-09 23:03:30] [ INFO ] [Leao:21] Zezé não tem mais de 10 anos ou não é alfa.
[2022-08-09 23:03:30] [ INFO ] [Tigre:13] O tigre Haroldo está correndo!
[2022-08-09 23:03:30] [ ERROR] [Tigre:23] A idade de Haroldo não pode ser negativa
java.lang.Exception
	at aula10_logging.ex_felinos.model.Tigre.eMaiorQue10(Tigre.java:23)
	at aula10_logging.ex_felinos.model.FelinosMain.main(FelinosMain.java:15)
[2022-08-09 23:03:31] [ INFO ] [Tigre:13] O tigre Tigrão está correndo!
[2022-08-09 23:03:31] [ INFO ] [Tigre:19] Tigrão tem mais de 10 anos.
[2022-08-09 23:08:26] [ INFO ] [Leao:13] O leão Simba está correndo!
[2022-08-09 23:08:26] [ INFO ] [Leao:19] Simba é alfa e tem mais de 10 anos.
[2022-08-09 23:08:26] [ INFO ] [Leao:13] O leão Zezé está correndo!
[2022-08-09 23:08:26] [ INFO ] [Leao:21] Zezé não tem mais de 10 anos ou não é alfa.
[2022-08-09 23:08:26] [ INFO ] [Tigre:13] O tigre Haroldo está correndo!
[2022-08-09 23:08:26] [ ERROR] [Tigre:23] A idade de Haroldo não pode ser negativa
java.lang.Exception
	at aula10_logging.ex_felinos.model.Tigre.eMaiorQue10(Tigre.java:23)
	at aula10_logging.ex_felinos.model.FelinosMain.main(FelinosMain.java:15)
[2022-08-09 23:08:26] [ INFO ] [Tigre:13] O tigre Tigrão está correndo!
[2022-08-09 23:08:26] [ INFO ] [Tigre:19] Tigrão tem mais de 10 anos.
[2022-08-09 23:09:44] [ INFO ] [Leao:13] O leão Simba está correndo!
[2022-08-09 23:09:44] [ INFO ] [Leao:19] Simba é alfa e tem mais de 10 anos.
[2022-08-09 23:09:44] [ INFO ] [Leao:13] O leão Zezé está correndo!
[2022-08-09 23:09:44] [ INFO ] [Leao:21] Zezé não tem mais de 10 anos ou não é alfa.
[2022-08-09 23:09:44] [ INFO ] [Tigre:13] O tigre Haroldo está correndo!
[2022-08-09 23:09:44] [ ERROR] [Tigre:23] A idade de Haroldo não pode ser negativa
java.lang.Exception
	at aula10_logging.ex_felinos.model.Tigre.eMaiorQue10(Tigre.java:23)
	at aula10_logging.ex_felinos.FelinosMain.main(FelinosMain.java:18)
[2022-08-09 23:09:44] [ INFO ] [Tigre:13] O tigre Tigrão está correndo!
[2022-08-09 23:09:44] [ INFO ] [Tigre:19] Tigrão tem mais de 10 anos.
[2022-08-09 23:18:00] [ INFO ] [Inteiro:25] Média = 5.166666666666667
[2022-08-09 23:18:00] [ INFO ] [Inteiro:25] Média = 6.5
[2022-08-09 23:18:00] [ INFO ] [Inteiro:25] Média = NaN
[2022-08-09 23:19:30] [ INFO ] [Inteiro:25] Média = 5.166666666666667
[2022-08-09 23:19:30] [ INFO ] [Inteiro:25] Média = 6.5
[2022-08-09 23:19:30] [ INFO ] [Inteiro:25] Média = NaN
[2022-08-09 23:20:17] [ INFO ] [Inteiro:25] Média = 5.166666666666667
[2022-08-09 23:20:17] [ INFO ] [Inteiro:39] O comprimento da lista é maior que 5
[2022-08-09 23:20:17] [ INFO ] [Inteiro:25] Média = 6.5
[2022-08-09 23:20:17] [ INFO ] [Inteiro:37] O comprimento da lista é maior que 10
[2022-08-09 23:20:17] [ INFO ] [Inteiro:25] Média = NaN
[2022-08-09 23:20:17] [ ERROR] [Inteiro:41] A lista é igual a zero
java.lang.Exception
	at aula10_logging.ex_mediaMaxMin.model.Inteiro.verificarLista(Inteiro.java:41)
	at aula10_logging.ex_mediaMaxMin.model.Inteiro.<init>(Inteiro.java:48)
	at aula10_logging.ex_mediaMaxMin.MediaMain.main(MediaMain.java:11)
[2022-08-09 23:21:18] [ INFO ] [Inteiro:25] Média = 5.166666666666667
[2022-08-09 23:21:18] [ INFO ] [Inteiro:39] O comprimento da lista é maior que 5
[2022-08-09 23:21:18] [ INFO ] [Inteiro:25] Média = 6.5
[2022-08-09 23:21:18] [ INFO ] [Inteiro:37] O comprimento da lista é maior que 10
[2022-08-09 23:21:18] [ INFO ] [Inteiro:25] Média = NaN
[2022-08-09 23:21:18] [ ERROR] [Inteiro:41] A lista é igual a zero
java.lang.RuntimeException
	at aula10_logging.ex_mediaMaxMin.model.Inteiro.verificarLista(Inteiro.java:41)
	at aula10_logging.ex_mediaMaxMin.model.Inteiro.<init>(Inteiro.java:48)
	at aula10_logging.ex_mediaMaxMin.MediaMain.main(MediaMain.java:11)
[2022-08-09 23:21:54] [ INFO ] [Inteiro:25] Média = 5.166666666666667
[2022-08-09 23:21:54] [ INFO ] [Inteiro:39] O comprimento da lista é maior que 5
[2022-08-09 23:21:54] [ INFO ] [Inteiro:25] Média = 6.5
[2022-08-09 23:21:54] [ INFO ] [Inteiro:37] O comprimento da lista é maior que 10
[2022-08-09 23:21:54] [ INFO ] [Inteiro:25] Média = NaN
[2022-08-09 23:21:54] [ ERROR] [Inteiro:41] A lista é igual a zero
java.lang.Exception
	at aula10_logging.ex_mediaMaxMin.model.Inteiro.verificarLista(Inteiro.java:41)
	at aula10_logging.ex_mediaMaxMin.model.Inteiro.<init>(Inteiro.java:48)
	at aula10_logging.ex_mediaMaxMin.MediaMain.main(MediaMain.java:11)
[2022-08-09 23:25:58] [ INFO ] [Inteiro:25] Média = 5.166666666666667
[2022-08-09 23:25:58] [ INFO ] [Inteiro:31] O valor máximo é 9
[2022-08-09 23:25:58] [ INFO ] [Inteiro:37] O valor máximo é 2
[2022-08-09 23:25:58] [ INFO ] [Inteiro:47] O comprimento da lista é maior que 5
[2022-08-09 23:25:58] [ INFO ] [Inteiro:25] Média = 6.5
[2022-08-09 23:25:58] [ INFO ] [Inteiro:31] O valor máximo é 12
[2022-08-09 23:25:58] [ INFO ] [Inteiro:37] O valor máximo é 1
[2022-08-09 23:25:58] [ INFO ] [Inteiro:45] O comprimento da lista é maior que 10
[2022-08-09 23:25:58] [ INFO ] [Inteiro:25] Média = NaN
[2022-08-09 23:31:16] [ INFO ] [Inteiro:25] Média = 5.166666666666667
[2022-08-09 23:31:16] [ INFO ] [Inteiro:32] O valor máximo é 9
[2022-08-09 23:31:16] [ INFO ] [Inteiro:43] O valor mínimo é 2
[2022-08-09 23:31:16] [ INFO ] [Inteiro:57] O comprimento da lista é maior que 5
[2022-08-09 23:31:16] [ INFO ] [Inteiro:25] Média = 6.5
[2022-08-09 23:31:16] [ INFO ] [Inteiro:32] O valor máximo é 12
[2022-08-09 23:31:16] [ INFO ] [Inteiro:43] O valor mínimo é 1
[2022-08-09 23:31:16] [ INFO ] [Inteiro:55] O comprimento da lista é maior que 10
[2022-08-09 23:31:16] [ INFO ] [Inteiro:25] Média = NaN
[2022-08-09 23:31:16] [ ERROR] [Inteiro:35] Impossível obter valor máximo
java.util.NoSuchElementException
	at java.base/java.util.Arrays$ArrayItr.next(Arrays.java:4245)
	at java.base/java.util.Collections.max(Collections.java:674)
	at aula10_logging.ex_mediaMaxMin.model.Inteiro.getMaximo(Inteiro.java:31)
	at aula10_logging.ex_mediaMaxMin.model.Inteiro.<init>(Inteiro.java:66)
	at aula10_logging.ex_mediaMaxMin.MediaMain.main(MediaMain.java:11)
[2022-08-09 23:31:16] [ ERROR] [Inteiro:46] Impossível obter valor máximo
java.util.NoSuchElementException
	at java.base/java.util.Arrays$ArrayItr.next(Arrays.java:4245)
	at java.base/java.util.Collections.min(Collections.java:601)
	at aula10_logging.ex_mediaMaxMin.model.Inteiro.getMinimo(Inteiro.java:42)
	at aula10_logging.ex_mediaMaxMin.model.Inteiro.<init>(Inteiro.java:67)
	at aula10_logging.ex_mediaMaxMin.MediaMain.main(MediaMain.java:11)
[2022-08-09 23:31:16] [ ERROR] [Inteiro:59] A lista é igual a zero
java.lang.Exception
	at aula10_logging.ex_mediaMaxMin.model.Inteiro.verificarLista(Inteiro.java:59)
	at aula10_logging.ex_mediaMaxMin.model.Inteiro.<init>(Inteiro.java:68)
	at aula10_logging.ex_mediaMaxMin.MediaMain.main(MediaMain.java:11)
[2022-08-09 23:33:38] [ INFO ] [Inteiro:26] Média = 5.166666666666667
[2022-08-09 23:33:38] [ INFO ] [Inteiro:37] O valor máximo é 9
[2022-08-09 23:33:38] [ INFO ] [Inteiro:48] O valor mínimo é 2
[2022-08-09 23:33:38] [ INFO ] [Inteiro:62] O comprimento da lista é maior que 5
[2022-08-09 23:33:38] [ INFO ] [Inteiro:26] Média = 6.5
[2022-08-09 23:33:38] [ INFO ] [Inteiro:37] O valor máximo é 12
[2022-08-09 23:33:38] [ INFO ] [Inteiro:48] O valor mínimo é 1
[2022-08-09 23:33:38] [ INFO ] [Inteiro:60] O comprimento da lista é maior que 10
[2022-08-09 23:33:38] [ INFO ] [Inteiro:26] Média = NaN
[2022-08-09 23:33:38] [ ERROR] [Inteiro:40] Impossível obter valor máximo
java.util.NoSuchElementException
	at java.base/java.util.Arrays$ArrayItr.next(Arrays.java:4245)
	at java.base/java.util.Collections.max(Collections.java:674)
	at aula10_logging.ex_mediaMaxMin.model.Inteiro.getMaximo(Inteiro.java:36)
	at aula10_logging.ex_mediaMaxMin.model.Inteiro.<init>(Inteiro.java:71)
	at aula10_logging.ex_mediaMaxMin.MediaMain.main(MediaMain.java:11)
[2022-08-09 23:33:38] [ ERROR] [Inteiro:51] Impossível obter valor mínimo
java.util.NoSuchElementException
	at java.base/java.util.Arrays$ArrayItr.next(Arrays.java:4245)
	at java.base/java.util.Collections.min(Collections.java:601)
	at aula10_logging.ex_mediaMaxMin.model.Inteiro.getMinimo(Inteiro.java:47)
	at aula10_logging.ex_mediaMaxMin.model.Inteiro.<init>(Inteiro.java:72)
	at aula10_logging.ex_mediaMaxMin.MediaMain.main(MediaMain.java:11)
[2022-08-09 23:33:38] [ ERROR] [Inteiro:64] A lista é igual a zero
java.lang.Exception
	at aula10_logging.ex_mediaMaxMin.model.Inteiro.verificarLista(Inteiro.java:64)
	at aula10_logging.ex_mediaMaxMin.model.Inteiro.<init>(Inteiro.java:73)
	at aula10_logging.ex_mediaMaxMin.MediaMain.main(MediaMain.java:11)
[2022-08-09 23:36:11] [ INFO ] [Inteiro:26] Média = 5.166666666666667
[2022-08-09 23:36:11] [ INFO ] [Inteiro:37] O valor máximo é 9
[2022-08-09 23:36:11] [ INFO ] [Inteiro:48] O valor mínimo é 2
[2022-08-09 23:36:11] [ INFO ] [Inteiro:62] O comprimento da lista é maior que 5
[2022-08-09 23:36:11] [ INFO ] [Inteiro:26] Média = 6.5
[2022-08-09 23:36:11] [ INFO ] [Inteiro:37] O valor máximo é 12
[2022-08-09 23:36:11] [ INFO ] [Inteiro:48] O valor mínimo é 1
[2022-08-09 23:36:11] [ INFO ] [Inteiro:60] O comprimento da lista é maior que 10
[2022-08-09 23:36:11] [ INFO ] [Inteiro:26] Média = NaN
[2022-08-09 23:36:11] [ ERROR] [Inteiro:40] Impossível obter valor máximo
java.util.NoSuchElementException
	at java.base/java.util.Arrays$ArrayItr.next(Arrays.java:4245)
	at java.base/java.util.Collections.max(Collections.java:674)
	at aula10_logging.ex_mediaMaxMin.model.Inteiro.getMaximo(Inteiro.java:36)
	at aula10_logging.ex_mediaMaxMin.model.Inteiro.<init>(Inteiro.java:71)
	at aula10_logging.ex_mediaMaxMin.MediaMain.main(MediaMain.java:11)
[2022-08-09 23:36:11] [ ERROR] [Inteiro:51] Impossível obter valor mínimo
java.util.NoSuchElementException
	at java.base/java.util.Arrays$ArrayItr.next(Arrays.java:4245)
	at java.base/java.util.Collections.min(Collections.java:601)
	at aula10_logging.ex_mediaMaxMin.model.Inteiro.getMinimo(Inteiro.java:47)
	at aula10_logging.ex_mediaMaxMin.model.Inteiro.<init>(Inteiro.java:72)
	at aula10_logging.ex_mediaMaxMin.MediaMain.main(MediaMain.java:11)
[2022-08-09 23:36:11] [ ERROR] [Inteiro:64] O comprimento da lista é igual a zero
java.lang.Exception
	at aula10_logging.ex_mediaMaxMin.model.Inteiro.verificarLista(Inteiro.java:64)
	at aula10_logging.ex_mediaMaxMin.model.Inteiro.<init>(Inteiro.java:73)
	at aula10_logging.ex_mediaMaxMin.MediaMain.main(MediaMain.java:11)
[2022-08-09 23:44:09] [ INFO ] [Inteiro:26] Média = 31.0
[2022-08-09 23:44:09] [ INFO ] [Inteiro:34] O valor máximo é 9
[2022-08-09 23:44:09] [ INFO ] [Inteiro:45] O valor mínimo é 2
[2022-08-09 23:44:09] [ INFO ] [Inteiro:59] O comprimento da lista é maior que 5
[2022-08-09 23:44:09] [ INFO ] [Inteiro:26] Média = 78.0
[2022-08-09 23:44:09] [ INFO ] [Inteiro:34] O valor máximo é 12
[2022-08-09 23:44:09] [ INFO ] [Inteiro:45] O valor mínimo é 1
[2022-08-09 23:44:09] [ INFO ] [Inteiro:57] O comprimento da lista é maior que 10
[2022-08-09 23:44:09] [ INFO ] [Inteiro:26] Média = 0.0
[2022-08-09 23:44:09] [ ERROR] [Inteiro:37] Impossível obter valor máximo
java.util.NoSuchElementException
	at java.base/java.util.Arrays$ArrayItr.next(Arrays.java:4245)
	at java.base/java.util.Collections.max(Collections.java:674)
	at aula10_logging.ex_mediaMaxMin.model.Inteiro.getMaximo(Inteiro.java:33)
	at aula10_logging.ex_mediaMaxMin.model.Inteiro.<init>(Inteiro.java:68)
	at aula10_logging.ex_mediaMaxMin.MediaMain.main(MediaMain.java:11)
[2022-08-09 23:44:09] [ ERROR] [Inteiro:48] Impossível obter valor mínimo
java.util.NoSuchElementException
	at java.base/java.util.Arrays$ArrayItr.next(Arrays.java:4245)
	at java.base/java.util.Collections.min(Collections.java:601)
	at aula10_logging.ex_mediaMaxMin.model.Inteiro.getMinimo(Inteiro.java:44)
	at aula10_logging.ex_mediaMaxMin.model.Inteiro.<init>(Inteiro.java:69)
	at aula10_logging.ex_mediaMaxMin.MediaMain.main(MediaMain.java:11)
[2022-08-09 23:44:09] [ ERROR] [Inteiro:61] O comprimento da lista é igual a zero
java.lang.Exception
	at aula10_logging.ex_mediaMaxMin.model.Inteiro.verificarLista(Inteiro.java:61)
	at aula10_logging.ex_mediaMaxMin.model.Inteiro.<init>(Inteiro.java:70)
	at aula10_logging.ex_mediaMaxMin.MediaMain.main(MediaMain.java:11)
[2022-08-09 23:44:37] [ INFO ] [Inteiro:26] Média = 5.166666666666667
[2022-08-09 23:44:37] [ INFO ] [Inteiro:34] O valor máximo é 9
[2022-08-09 23:44:37] [ INFO ] [Inteiro:45] O valor mínimo é 2
[2022-08-09 23:44:37] [ INFO ] [Inteiro:59] O comprimento da lista é maior que 5
[2022-08-09 23:44:37] [ INFO ] [Inteiro:26] Média = 6.5
[2022-08-09 23:44:37] [ INFO ] [Inteiro:34] O valor máximo é 12
[2022-08-09 23:44:37] [ INFO ] [Inteiro:45] O valor mínimo é 1
[2022-08-09 23:44:37] [ INFO ] [Inteiro:57] O comprimento da lista é maior que 10
[2022-08-09 23:44:37] [ INFO ] [Inteiro:26] Média = NaN
[2022-08-09 23:44:37] [ ERROR] [Inteiro:37] Impossível obter valor máximo
java.util.NoSuchElementException
	at java.base/java.util.Arrays$ArrayItr.next(Arrays.java:4245)
	at java.base/java.util.Collections.max(Collections.java:674)
	at aula10_logging.ex_mediaMaxMin.model.Inteiro.getMaximo(Inteiro.java:33)
	at aula10_logging.ex_mediaMaxMin.model.Inteiro.<init>(Inteiro.java:68)
	at aula10_logging.ex_mediaMaxMin.MediaMain.main(MediaMain.java:11)
[2022-08-09 23:44:37] [ ERROR] [Inteiro:48] Impossível obter valor mínimo
java.util.NoSuchElementException
	at java.base/java.util.Arrays$ArrayItr.next(Arrays.java:4245)
	at java.base/java.util.Collections.min(Collections.java:601)
	at aula10_logging.ex_mediaMaxMin.model.Inteiro.getMinimo(Inteiro.java:44)
	at aula10_logging.ex_mediaMaxMin.model.Inteiro.<init>(Inteiro.java:69)
	at aula10_logging.ex_mediaMaxMin.MediaMain.main(MediaMain.java:11)
[2022-08-09 23:44:37] [ ERROR] [Inteiro:61] O comprimento da lista é igual a zero
java.lang.Exception
	at aula10_logging.ex_mediaMaxMin.model.Inteiro.verificarLista(Inteiro.java:61)
	at aula10_logging.ex_mediaMaxMin.model.Inteiro.<init>(Inteiro.java:70)
	at aula10_logging.ex_mediaMaxMin.MediaMain.main(MediaMain.java:11)
[2022-08-09 23:54:54] [ INFO ] [Inteiro:30] Média = 5.166666666666667
[2022-08-09 23:54:54] [ INFO ] [Inteiro:38] O valor máximo é 9
[2022-08-09 23:54:54] [ INFO ] [Inteiro:49] O valor mínimo é 2
[2022-08-09 23:54:54] [ INFO ] [Inteiro:63] O comprimento da lista é maior que 5
[2022-08-09 23:54:54] [ INFO ] [Inteiro:30] Média = 6.5
[2022-08-09 23:54:54] [ INFO ] [Inteiro:38] O valor máximo é 12
[2022-08-09 23:54:54] [ INFO ] [Inteiro:49] O valor mínimo é 1
[2022-08-09 23:54:54] [ INFO ] [Inteiro:61] O comprimento da lista é maior que 10
[2022-08-09 23:57:55] [ INFO ] [Inteiro:28] Média = 5.166666666666667
[2022-08-09 23:57:55] [ INFO ] [Inteiro:39] O valor máximo é 9
[2022-08-09 23:57:55] [ INFO ] [Inteiro:50] O valor mínimo é 2
[2022-08-09 23:57:55] [ INFO ] [Inteiro:64] O comprimento da lista é maior que 5
[2022-08-09 23:57:55] [ INFO ] [Inteiro:28] Média = 6.5
[2022-08-09 23:57:55] [ INFO ] [Inteiro:39] O valor máximo é 12
[2022-08-09 23:57:55] [ INFO ] [Inteiro:50] O valor mínimo é 1
[2022-08-09 23:57:55] [ INFO ] [Inteiro:62] O comprimento da lista é maior que 10
[2022-08-09 23:57:55] [ ERROR] [Inteiro:31] Impossível obter a média
java.util.NoSuchElementException: No value present
	at java.base/java.util.OptionalDouble.getAsDouble(OptionalDouble.java:130)
	at aula10_logging.ex_mediaMaxMin.model.Inteiro.calcularMedia(Inteiro.java:27)
	at aula10_logging.ex_mediaMaxMin.model.Inteiro.<init>(Inteiro.java:72)
	at aula10_logging.ex_mediaMaxMin.MediaMain.main(MediaMain.java:11)
[2022-08-09 23:57:55] [ ERROR] [Inteiro:42] Impossível obter valor máximo
java.util.NoSuchElementException
	at java.base/java.util.Arrays$ArrayItr.next(Arrays.java:4245)
	at java.base/java.util.Collections.max(Collections.java:674)
	at aula10_logging.ex_mediaMaxMin.model.Inteiro.getMaximo(Inteiro.java:38)
	at aula10_logging.ex_mediaMaxMin.model.Inteiro.<init>(Inteiro.java:73)
	at aula10_logging.ex_mediaMaxMin.MediaMain.main(MediaMain.java:11)
[2022-08-09 23:57:55] [ ERROR] [Inteiro:53] Impossível obter valor mínimo
java.util.NoSuchElementException
	at java.base/java.util.Arrays$ArrayItr.next(Arrays.java:4245)
	at java.base/java.util.Collections.min(Collections.java:601)
	at aula10_logging.ex_mediaMaxMin.model.Inteiro.getMinimo(Inteiro.java:49)
	at aula10_logging.ex_mediaMaxMin.model.Inteiro.<init>(Inteiro.java:74)
	at aula10_logging.ex_mediaMaxMin.MediaMain.main(MediaMain.java:11)
[2022-08-09 23:57:55] [ ERROR] [Inteiro:66] O comprimento da lista é igual a zero
java.lang.Exception
	at aula10_logging.ex_mediaMaxMin.model.Inteiro.verificarLista(Inteiro.java:66)
	at aula10_logging.ex_mediaMaxMin.model.Inteiro.<init>(Inteiro.java:75)
	at aula10_logging.ex_mediaMaxMin.MediaMain.main(MediaMain.java:11)
[2022-08-10 00:09:54] [ INFO ] [Inteiro:30] Média = 5.166666666666667
[2022-08-10 00:09:54] [ INFO ] [Inteiro:42] O valor máximo é 9
[2022-08-10 00:09:54] [ INFO ] [Inteiro:53] O valor mínimo é 2
[2022-08-10 00:09:54] [ INFO ] [Inteiro:67] O comprimento da lista é maior que 5
[2022-08-10 00:09:54] [ INFO ] [Inteiro:30] Média = 6.5
[2022-08-10 00:09:54] [ INFO ] [Inteiro:42] O valor máximo é 12
[2022-08-10 00:09:54] [ INFO ] [Inteiro:53] O valor mínimo é 1
[2022-08-10 00:09:54] [ INFO ] [Inteiro:65] O comprimento da lista é maior que 10
[2022-08-10 00:09:54] [ ERROR] [Inteiro:34] Impossível obter a média
java.util.NoSuchElementException: No value present
	at java.base/java.util.OptionalDouble.getAsDouble(OptionalDouble.java:130)
	at aula10_logging.ex_mediaMaxMin.model.Inteiro.calcularMedia(Inteiro.java:29)
	at aula10_logging.ex_mediaMaxMin.model.Inteiro.<init>(Inteiro.java:75)
	at aula10_logging.ex_mediaMaxMin.MediaMain.main(MediaMain.java:11)
[2022-08-10 00:09:54] [ ERROR] [Inteiro:45] Impossível obter valor máximo
java.util.NoSuchElementException
	at java.base/java.util.Arrays$ArrayItr.next(Arrays.java:4245)
	at java.base/java.util.Collections.max(Collections.java:674)
	at aula10_logging.ex_mediaMaxMin.model.Inteiro.getMaximo(Inteiro.java:41)
	at aula10_logging.ex_mediaMaxMin.model.Inteiro.<init>(Inteiro.java:76)
	at aula10_logging.ex_mediaMaxMin.MediaMain.main(MediaMain.java:11)
[2022-08-10 00:09:54] [ ERROR] [Inteiro:56] Impossível obter valor mínimo
java.util.NoSuchElementException
	at java.base/java.util.Arrays$ArrayItr.next(Arrays.java:4245)
	at java.base/java.util.Collections.min(Collections.java:601)
	at aula10_logging.ex_mediaMaxMin.model.Inteiro.getMinimo(Inteiro.java:52)
	at aula10_logging.ex_mediaMaxMin.model.Inteiro.<init>(Inteiro.java:77)
	at aula10_logging.ex_mediaMaxMin.MediaMain.main(MediaMain.java:11)
[2022-08-10 00:09:54] [ ERROR] [Inteiro:69] O comprimento da lista é igual a zero
java.lang.Exception
	at aula10_logging.ex_mediaMaxMin.model.Inteiro.verificarLista(Inteiro.java:69)
	at aula10_logging.ex_mediaMaxMin.model.Inteiro.<init>(Inteiro.java:78)
	at aula10_logging.ex_mediaMaxMin.MediaMain.main(MediaMain.java:11)
[2022-08-10 00:11:48] [ INFO ] [Inteiro:32] Média = 5,17
[2022-08-10 00:11:48] [ INFO ] [Inteiro:44] O valor máximo é 9
[2022-08-10 00:11:48] [ INFO ] [Inteiro:55] O valor mínimo é 2
[2022-08-10 00:11:48] [ INFO ] [Inteiro:69] O comprimento da lista é maior que 5
[2022-08-10 00:11:48] [ INFO ] [Inteiro:32] Média = 6,50
[2022-08-10 00:11:48] [ INFO ] [Inteiro:44] O valor máximo é 12
[2022-08-10 00:11:48] [ INFO ] [Inteiro:55] O valor mínimo é 1
[2022-08-10 00:11:48] [ INFO ] [Inteiro:67] O comprimento da lista é maior que 10
[2022-08-10 00:11:48] [ ERROR] [Inteiro:36] Impossível obter a média
java.util.NoSuchElementException: No value present
	at java.base/java.util.OptionalDouble.getAsDouble(OptionalDouble.java:130)
	at aula10_logging.ex_mediaMaxMin.model.Inteiro.calcularMedia(Inteiro.java:29)
	at aula10_logging.ex_mediaMaxMin.model.Inteiro.<init>(Inteiro.java:77)
	at aula10_logging.ex_mediaMaxMin.MediaMain.main(MediaMain.java:11)
[2022-08-10 00:11:48] [ ERROR] [Inteiro:47] Impossível obter valor máximo
java.util.NoSuchElementException
	at java.base/java.util.Arrays$ArrayItr.next(Arrays.java:4245)
	at java.base/java.util.Collections.max(Collections.java:674)
	at aula10_logging.ex_mediaMaxMin.model.Inteiro.getMaximo(Inteiro.java:43)
	at aula10_logging.ex_mediaMaxMin.model.Inteiro.<init>(Inteiro.java:78)
	at aula10_logging.ex_mediaMaxMin.MediaMain.main(MediaMain.java:11)
[2022-08-10 00:11:48] [ ERROR] [Inteiro:58] Impossível obter valor mínimo
java.util.NoSuchElementException
	at java.base/java.util.Arrays$ArrayItr.next(Arrays.java:4245)
	at java.base/java.util.Collections.min(Collections.java:601)
	at aula10_logging.ex_mediaMaxMin.model.Inteiro.getMinimo(Inteiro.java:54)
	at aula10_logging.ex_mediaMaxMin.model.Inteiro.<init>(Inteiro.java:79)
	at aula10_logging.ex_mediaMaxMin.MediaMain.main(MediaMain.java:11)
[2022-08-10 00:11:48] [ ERROR] [Inteiro:71] O comprimento da lista é igual a zero
java.lang.Exception
	at aula10_logging.ex_mediaMaxMin.model.Inteiro.verificarLista(Inteiro.java:71)
	at aula10_logging.ex_mediaMaxMin.model.Inteiro.<init>(Inteiro.java:80)
	at aula10_logging.ex_mediaMaxMin.MediaMain.main(MediaMain.java:11)
[2022-08-10 00:15:15] [ INFO ] [Inteiro:36] Média = 5,17
[2022-08-10 00:15:15] [ INFO ] [Inteiro:48] O valor máximo é 9
[2022-08-10 00:15:15] [ INFO ] [Inteiro:59] O valor mínimo é 2
[2022-08-10 00:15:15] [ INFO ] [Inteiro:73] O comprimento da lista é maior que 5
[2022-08-10 00:15:15] [ INFO ] [Inteiro:36] Média = 6,50
[2022-08-10 00:15:15] [ INFO ] [Inteiro:48] O valor máximo é 12
[2022-08-10 00:15:15] [ INFO ] [Inteiro:59] O valor mínimo é 1
[2022-08-10 00:15:15] [ INFO ] [Inteiro:71] O comprimento da lista é maior que 10
[2022-08-10 00:15:15] [ ERROR] [Inteiro:40] Impossível obter a média
java.util.NoSuchElementException: No value present
	at java.base/java.util.OptionalDouble.getAsDouble(OptionalDouble.java:130)
	at aula10_logging.ex_mediaMaxMin.model.Inteiro.calcularMedia(Inteiro.java:31)
	at aula10_logging.ex_mediaMaxMin.model.Inteiro.<init>(Inteiro.java:81)
	at aula10_logging.ex_mediaMaxMin.MediaMain.main(MediaMain.java:11)
[2022-08-10 00:15:15] [ ERROR] [Inteiro:51] Impossível obter valor máximo
java.util.NoSuchElementException
	at java.base/java.util.Arrays$ArrayItr.next(Arrays.java:4245)
	at java.base/java.util.Collections.max(Collections.java:674)
	at aula10_logging.ex_mediaMaxMin.model.Inteiro.getMaximo(Inteiro.java:47)
	at aula10_logging.ex_mediaMaxMin.model.Inteiro.<init>(Inteiro.java:82)
	at aula10_logging.ex_mediaMaxMin.MediaMain.main(MediaMain.java:11)
[2022-08-10 00:15:15] [ ERROR] [Inteiro:62] Impossível obter valor mínimo
java.util.NoSuchElementException
	at java.base/java.util.Arrays$ArrayItr.next(Arrays.java:4245)
	at java.base/java.util.Collections.min(Collections.java:601)
	at aula10_logging.ex_mediaMaxMin.model.Inteiro.getMinimo(Inteiro.java:58)
	at aula10_logging.ex_mediaMaxMin.model.Inteiro.<init>(Inteiro.java:83)
	at aula10_logging.ex_mediaMaxMin.MediaMain.main(MediaMain.java:11)
[2022-08-10 00:15:15] [ ERROR] [Inteiro:75] O comprimento da lista é igual a zero
java.lang.Exception
	at aula10_logging.ex_mediaMaxMin.model.Inteiro.verificarLista(Inteiro.java:75)
	at aula10_logging.ex_mediaMaxMin.model.Inteiro.<init>(Inteiro.java:84)
	at aula10_logging.ex_mediaMaxMin.MediaMain.main(MediaMain.java:11)
[2022-08-10 00:18:34] [ INFO ] [Inteiro:50] O valor máximo é 9
[2022-08-10 00:18:34] [ INFO ] [Inteiro:61] O valor mínimo é 2
[2022-08-10 00:18:34] [ INFO ] [Inteiro:75] O comprimento da lista é maior que 5
[2022-08-10 00:18:34] [ INFO ] [Inteiro:50] O valor máximo é 12
[2022-08-10 00:18:34] [ INFO ] [Inteiro:61] O valor mínimo é 1
[2022-08-10 00:18:34] [ INFO ] [Inteiro:73] O comprimento da lista é maior que 10
[2022-08-10 00:18:34] [ ERROR] [Inteiro:42] Impossível obter a média
java.util.NoSuchElementException: No value present
	at java.base/java.util.OptionalDouble.getAsDouble(OptionalDouble.java:130)
	at aula10_logging.ex_mediaMaxMin.model.Inteiro.calcularMedia(Inteiro.java:32)
	at aula10_logging.ex_mediaMaxMin.model.Inteiro.<init>(Inteiro.java:83)
	at aula10_logging.ex_mediaMaxMin.MediaMain.main(MediaMain.java:11)
[2022-08-10 00:18:34] [ ERROR] [Inteiro:53] Impossível obter valor máximo
java.util.NoSuchElementException
	at java.base/java.util.Arrays$ArrayItr.next(Arrays.java:4245)
	at java.base/java.util.Collections.max(Collections.java:674)
	at aula10_logging.ex_mediaMaxMin.model.Inteiro.getMaximo(Inteiro.java:49)
	at aula10_logging.ex_mediaMaxMin.model.Inteiro.<init>(Inteiro.java:84)
	at aula10_logging.ex_mediaMaxMin.MediaMain.main(MediaMain.java:11)
[2022-08-10 00:18:34] [ ERROR] [Inteiro:64] Impossível obter valor mínimo
java.util.NoSuchElementException
	at java.base/java.util.Arrays$ArrayItr.next(Arrays.java:4245)
	at java.base/java.util.Collections.min(Collections.java:601)
	at aula10_logging.ex_mediaMaxMin.model.Inteiro.getMinimo(Inteiro.java:60)
	at aula10_logging.ex_mediaMaxMin.model.Inteiro.<init>(Inteiro.java:85)
	at aula10_logging.ex_mediaMaxMin.MediaMain.main(MediaMain.java:11)
[2022-08-10 00:18:34] [ ERROR] [Inteiro:77] O comprimento da lista é igual a zero
java.lang.Exception
	at aula10_logging.ex_mediaMaxMin.model.Inteiro.verificarLista(Inteiro.java:77)
	at aula10_logging.ex_mediaMaxMin.model.Inteiro.<init>(Inteiro.java:86)
	at aula10_logging.ex_mediaMaxMin.MediaMain.main(MediaMain.java:11)
[2022-08-10 00:22:29] [ INFO ] [Inteiro:52] O valor máximo é 9
[2022-08-10 00:22:29] [ INFO ] [Inteiro:63] O valor mínimo é 2
[2022-08-10 00:22:29] [ INFO ] [Inteiro:77] O comprimento da lista é maior que 5
[2022-08-10 00:22:29] [ INFO ] [Inteiro:52] O valor máximo é 12
[2022-08-10 00:22:29] [ INFO ] [Inteiro:63] O valor mínimo é 1
[2022-08-10 00:22:29] [ INFO ] [Inteiro:75] O comprimento da lista é maior que 10
[2022-08-10 00:22:29] [ ERROR] [Inteiro:44] Impossível obter a média
java.util.NoSuchElementException: No value present
	at java.base/java.util.OptionalDouble.getAsDouble(OptionalDouble.java:130)
	at aula10_logging.ex_mediaMaxMin.model.Inteiro.calcularMedia(Inteiro.java:32)
	at aula10_logging.ex_mediaMaxMin.model.Inteiro.<init>(Inteiro.java:85)
	at aula10_logging.ex_mediaMaxMin.MediaMain.main(MediaMain.java:11)
[2022-08-10 00:22:29] [ ERROR] [Inteiro:55] Impossível obter valor máximo
java.util.NoSuchElementException
	at java.base/java.util.Arrays$ArrayItr.next(Arrays.java:4245)
	at java.base/java.util.Collections.max(Collections.java:674)
	at aula10_logging.ex_mediaMaxMin.model.Inteiro.getMaximo(Inteiro.java:51)
	at aula10_logging.ex_mediaMaxMin.model.Inteiro.<init>(Inteiro.java:86)
	at aula10_logging.ex_mediaMaxMin.MediaMain.main(MediaMain.java:11)
[2022-08-10 00:22:29] [ ERROR] [Inteiro:66] Impossível obter valor mínimo
java.util.NoSuchElementException
	at java.base/java.util.Arrays$ArrayItr.next(Arrays.java:4245)
	at java.base/java.util.Collections.min(Collections.java:601)
	at aula10_logging.ex_mediaMaxMin.model.Inteiro.getMinimo(Inteiro.java:62)
	at aula10_logging.ex_mediaMaxMin.model.Inteiro.<init>(Inteiro.java:87)
	at aula10_logging.ex_mediaMaxMin.MediaMain.main(MediaMain.java:11)
[2022-08-10 00:22:29] [ ERROR] [Inteiro:79] O comprimento da lista é igual a zero
java.lang.Exception
	at aula10_logging.ex_mediaMaxMin.model.Inteiro.verificarLista(Inteiro.java:79)
	at aula10_logging.ex_mediaMaxMin.model.Inteiro.<init>(Inteiro.java:88)
	at aula10_logging.ex_mediaMaxMin.MediaMain.main(MediaMain.java:11)
[2022-08-10 00:27:48] [ INFO ] [Inteiro:36] Média = 5,17
[2022-08-10 00:27:48] [ INFO ] [Inteiro:48] O valor máximo é 9
[2022-08-10 00:27:48] [ INFO ] [Inteiro:59] O valor mínimo é 2
[2022-08-10 00:27:48] [ INFO ] [Inteiro:73] O comprimento da lista é maior que 5
[2022-08-10 00:27:48] [ INFO ] [Inteiro:36] Média = 6,50
[2022-08-10 00:27:48] [ INFO ] [Inteiro:48] O valor máximo é 12
[2022-08-10 00:27:48] [ INFO ] [Inteiro:59] O valor mínimo é 1
[2022-08-10 00:27:48] [ INFO ] [Inteiro:71] O comprimento da lista é maior que 10
[2022-08-10 00:27:48] [ ERROR] [Inteiro:40] Impossível obter a média
java.util.NoSuchElementException: No value present
	at java.base/java.util.OptionalDouble.getAsDouble(OptionalDouble.java:130)
	at aula10_logging.ex_mediaMaxMin.model.Inteiro.calcularMedia(Inteiro.java:32)
	at aula10_logging.ex_mediaMaxMin.model.Inteiro.<init>(Inteiro.java:81)
	at aula10_logging.ex_mediaMaxMin.MediaMain.main(MediaMain.java:11)
[2022-08-10 00:27:48] [ ERROR] [Inteiro:51] Impossível obter valor máximo
java.util.NoSuchElementException
	at java.base/java.util.Arrays$ArrayItr.next(Arrays.java:4245)
	at java.base/java.util.Collections.max(Collections.java:674)
	at aula10_logging.ex_mediaMaxMin.model.Inteiro.getMaximo(Inteiro.java:47)
	at aula10_logging.ex_mediaMaxMin.model.Inteiro.<init>(Inteiro.java:82)
	at aula10_logging.ex_mediaMaxMin.MediaMain.main(MediaMain.java:11)
[2022-08-10 00:27:48] [ ERROR] [Inteiro:62] Impossível obter valor mínimo
java.util.NoSuchElementException
	at java.base/java.util.Arrays$ArrayItr.next(Arrays.java:4245)
	at java.base/java.util.Collections.min(Collections.java:601)
	at aula10_logging.ex_mediaMaxMin.model.Inteiro.getMinimo(Inteiro.java:58)
	at aula10_logging.ex_mediaMaxMin.model.Inteiro.<init>(Inteiro.java:83)
	at aula10_logging.ex_mediaMaxMin.MediaMain.main(MediaMain.java:11)
[2022-08-10 00:27:48] [ ERROR] [Inteiro:75] O comprimento da lista é igual a zero
java.lang.Exception
	at aula10_logging.ex_mediaMaxMin.model.Inteiro.verificarLista(Inteiro.java:75)
	at aula10_logging.ex_mediaMaxMin.model.Inteiro.<init>(Inteiro.java:84)
	at aula10_logging.ex_mediaMaxMin.MediaMain.main(MediaMain.java:11)
[2022-08-10 00:29:05] [ INFO ] [Inteiro:33] Média = 5.17
[2022-08-10 00:29:05] [ INFO ] [Inteiro:45] O valor máximo é 9
[2022-08-10 00:29:05] [ INFO ] [Inteiro:56] O valor mínimo é 2
[2022-08-10 00:29:05] [ INFO ] [Inteiro:70] O comprimento da lista é maior que 5
[2022-08-10 00:29:05] [ INFO ] [Inteiro:33] Média = 6.50
[2022-08-10 00:29:05] [ INFO ] [Inteiro:45] O valor máximo é 12
[2022-08-10 00:29:05] [ INFO ] [Inteiro:56] O valor mínimo é 1
[2022-08-10 00:29:05] [ INFO ] [Inteiro:68] O comprimento da lista é maior que 10
[2022-08-10 00:29:05] [ ERROR] [Inteiro:37] Impossível obter a média
java.util.NoSuchElementException: No value present
	at java.base/java.util.OptionalDouble.getAsDouble(OptionalDouble.java:130)
	at aula10_logging.ex_mediaMaxMin.model.Inteiro.calcularMedia(Inteiro.java:29)
	at aula10_logging.ex_mediaMaxMin.model.Inteiro.<init>(Inteiro.java:78)
	at aula10_logging.ex_mediaMaxMin.MediaMain.main(MediaMain.java:11)
[2022-08-10 00:29:05] [ ERROR] [Inteiro:48] Impossível obter valor máximo
java.util.NoSuchElementException
	at java.base/java.util.Arrays$ArrayItr.next(Arrays.java:4245)
	at java.base/java.util.Collections.max(Collections.java:674)
	at aula10_logging.ex_mediaMaxMin.model.Inteiro.getMaximo(Inteiro.java:44)
	at aula10_logging.ex_mediaMaxMin.model.Inteiro.<init>(Inteiro.java:79)
	at aula10_logging.ex_mediaMaxMin.MediaMain.main(MediaMain.java:11)
[2022-08-10 00:29:05] [ ERROR] [Inteiro:59] Impossível obter valor mínimo
java.util.NoSuchElementException
	at java.base/java.util.Arrays$ArrayItr.next(Arrays.java:4245)
	at java.base/java.util.Collections.min(Collections.java:601)
	at aula10_logging.ex_mediaMaxMin.model.Inteiro.getMinimo(Inteiro.java:55)
	at aula10_logging.ex_mediaMaxMin.model.Inteiro.<init>(Inteiro.java:80)
	at aula10_logging.ex_mediaMaxMin.MediaMain.main(MediaMain.java:11)
[2022-08-10 00:29:05] [ ERROR] [Inteiro:72] O comprimento da lista é igual a zero
java.lang.Exception
	at aula10_logging.ex_mediaMaxMin.model.Inteiro.verificarLista(Inteiro.java:72)
	at aula10_logging.ex_mediaMaxMin.model.Inteiro.<init>(Inteiro.java:81)
	at aula10_logging.ex_mediaMaxMin.MediaMain.main(MediaMain.java:11)
[2022-08-10 00:31:53] [ INFO ] [Inteiro:27] Média = 5,17
[2022-08-10 00:31:53] [ INFO ] [Inteiro:39] O valor máximo é 9
[2022-08-10 00:31:53] [ INFO ] [Inteiro:50] O valor mínimo é 2
[2022-08-10 00:31:53] [ INFO ] [Inteiro:64] O comprimento da lista é maior que 5
[2022-08-10 00:31:53] [ INFO ] [Inteiro:27] Média = 6,50
[2022-08-10 00:31:53] [ INFO ] [Inteiro:39] O valor máximo é 12
[2022-08-10 00:31:53] [ INFO ] [Inteiro:50] O valor mínimo é 1
[2022-08-10 00:31:53] [ INFO ] [Inteiro:62] O comprimento da lista é maior que 10
[2022-08-10 00:31:53] [ ERROR] [Inteiro:31] Impossível obter a média
java.util.NoSuchElementException: No value present
	at java.base/java.util.OptionalDouble.getAsDouble(OptionalDouble.java:130)
	at aula10_logging.ex_mediaMaxMin.model.Inteiro.calcularMedia(Inteiro.java:23)
	at aula10_logging.ex_mediaMaxMin.model.Inteiro.<init>(Inteiro.java:72)
	at aula10_logging.ex_mediaMaxMin.MediaMain.main(MediaMain.java:11)
[2022-08-10 00:31:53] [ ERROR] [Inteiro:42] Impossível obter valor máximo
java.util.NoSuchElementException
	at java.base/java.util.Arrays$ArrayItr.next(Arrays.java:4245)
	at java.base/java.util.Collections.max(Collections.java:674)
	at aula10_logging.ex_mediaMaxMin.model.Inteiro.getMaximo(Inteiro.java:38)
	at aula10_logging.ex_mediaMaxMin.model.Inteiro.<init>(Inteiro.java:73)
	at aula10_logging.ex_mediaMaxMin.MediaMain.main(MediaMain.java:11)
[2022-08-10 00:31:53] [ ERROR] [Inteiro:53] Impossível obter valor mínimo
java.util.NoSuchElementException
	at java.base/java.util.Arrays$ArrayItr.next(Arrays.java:4245)
	at java.base/java.util.Collections.min(Collections.java:601)
	at aula10_logging.ex_mediaMaxMin.model.Inteiro.getMinimo(Inteiro.java:49)
	at aula10_logging.ex_mediaMaxMin.model.Inteiro.<init>(Inteiro.java:74)
	at aula10_logging.ex_mediaMaxMin.MediaMain.main(MediaMain.java:11)
[2022-08-10 00:31:53] [ ERROR] [Inteiro:66] O comprimento da lista é igual a zero
java.lang.Exception
	at aula10_logging.ex_mediaMaxMin.model.Inteiro.verificarLista(Inteiro.java:66)
	at aula10_logging.ex_mediaMaxMin.model.Inteiro.<init>(Inteiro.java:75)
	at aula10_logging.ex_mediaMaxMin.MediaMain.main(MediaMain.java:11)
[2022-08-10 00:34:04] [ INFO ] [Inteiro:23] Média = 5.17
[2022-08-10 00:34:04] [ INFO ] [Inteiro:35] O valor máximo é 9
[2022-08-10 00:34:04] [ INFO ] [Inteiro:46] O valor mínimo é 2
[2022-08-10 00:34:04] [ INFO ] [Inteiro:60] O comprimento da lista é maior que 5
[2022-08-10 00:34:04] [ INFO ] [Inteiro:23] Média = 6.50
[2022-08-10 00:34:04] [ INFO ] [Inteiro:35] O valor máximo é 12
[2022-08-10 00:34:04] [ INFO ] [Inteiro:46] O valor mínimo é 1
[2022-08-10 00:34:04] [ INFO ] [Inteiro:58] O comprimento da lista é maior que 10
[2022-08-10 00:34:04] [ ERROR] [Inteiro:27] Impossível obter a média
java.util.NoSuchElementException: No value present
	at java.base/java.util.OptionalDouble.getAsDouble(OptionalDouble.java:130)
	at aula10_logging.ex_mediaMaxMin.model.Inteiro.calcularMedia(Inteiro.java:20)
	at aula10_logging.ex_mediaMaxMin.model.Inteiro.<init>(Inteiro.java:68)
	at aula10_logging.ex_mediaMaxMin.MediaMain.main(MediaMain.java:11)
[2022-08-10 00:34:04] [ ERROR] [Inteiro:38] Impossível obter valor máximo
java.util.NoSuchElementException
	at java.base/java.util.Arrays$ArrayItr.next(Arrays.java:4245)
	at java.base/java.util.Collections.max(Collections.java:674)
	at aula10_logging.ex_mediaMaxMin.model.Inteiro.getMaximo(Inteiro.java:34)
	at aula10_logging.ex_mediaMaxMin.model.Inteiro.<init>(Inteiro.java:69)
	at aula10_logging.ex_mediaMaxMin.MediaMain.main(MediaMain.java:11)
[2022-08-10 00:34:04] [ ERROR] [Inteiro:49] Impossível obter valor mínimo
java.util.NoSuchElementException
	at java.base/java.util.Arrays$ArrayItr.next(Arrays.java:4245)
	at java.base/java.util.Collections.min(Collections.java:601)
	at aula10_logging.ex_mediaMaxMin.model.Inteiro.getMinimo(Inteiro.java:45)
	at aula10_logging.ex_mediaMaxMin.model.Inteiro.<init>(Inteiro.java:70)
	at aula10_logging.ex_mediaMaxMin.MediaMain.main(MediaMain.java:11)
[2022-08-10 00:34:04] [ ERROR] [Inteiro:62] O comprimento da lista é igual a zero
java.lang.Exception
	at aula10_logging.ex_mediaMaxMin.model.Inteiro.verificarLista(Inteiro.java:62)
	at aula10_logging.ex_mediaMaxMin.model.Inteiro.<init>(Inteiro.java:71)
	at aula10_logging.ex_mediaMaxMin.MediaMain.main(MediaMain.java:11)
